app/seeds.txt
com.dexafree.materiallistviewexample.AddActivity
com.dexafree.materiallistviewexample.AddActivity: AddActivity()
com.dexafree.materiallistviewexample.MainActivity
com.dexafree.materiallistviewexample.MainActivity: MainActivity()
com.dexafree.materiallistviewexample.MainActivity: void onClick(android.view.View)
com.dexafree.materiallistviewexample.ModifyActivity
com.dexafree.materiallistviewexample.ModifyActivity: ModifyActivity()
com.dexafree.materiallistviewexample.R$anim: int abc_fade_in
com.dexafree.materiallistviewexample.R$anim: int abc_fade_out
com.dexafree.materiallistviewexample.R$anim: int abc_grow_fade_in_from_bottom
com.dexafree.materiallistviewexample.R$anim: int abc_popup_enter
com.dexafree.materiallistviewexample.R$anim: int abc_popup_exit
com.dexafree.materiallistviewexample.R$anim: int abc_shrink_fade_out_from_bottom
com.dexafree.materiallistviewexample.R$anim: int abc_slide_in_bottom
com.dexafree.materiallistviewexample.R$anim: int abc_slide_in_top
com.dexafree.materiallistviewexample.R$anim: int abc_slide_out_bottom
com.dexafree.materiallistviewexample.R$anim: int abc_slide_out_top
com.dexafree.materiallistviewexample.R$anim: int dialog_main_hide_amination
com.dexafree.materiallistviewexample.R$anim: int dialog_main_show_amination
com.dexafree.materiallistviewexample.R$anim: int dialog_root_hide_amin
com.dexafree.materiallistviewexample.R$anim: int dialog_root_show_amin
com.dexafree.materiallistviewexample.R$anim: int progress_indeterminate_animation
com.dexafree.materiallistviewexample.R$anim: int snackbar_hide_animation
com.dexafree.materiallistviewexample.R$anim: int snackbar_show_animation
com.dexafree.materiallistviewexample.R$attr: int actionBarDivider
com.dexafree.materiallistviewexample.R$attr: int actionBarItemBackground
com.dexafree.materiallistviewexample.R$attr: int actionBarPopupTheme
com.dexafree.materiallistviewexample.R$attr: int actionBarSize
com.dexafree.materiallistviewexample.R$attr: int actionBarSplitStyle
com.dexafree.materiallistviewexample.R$attr: int actionBarStyle
com.dexafree.materiallistviewexample.R$attr: int actionBarTabBarStyle
com.dexafree.materiallistviewexample.R$attr: int actionBarTabStyle
com.dexafree.materiallistviewexample.R$attr: int actionBarTabTextStyle
com.dexafree.materiallistviewexample.R$attr: int actionBarTheme
com.dexafree.materiallistviewexample.R$attr: int actionBarWidgetTheme
com.dexafree.materiallistviewexample.R$attr: int actionButtonStyle
com.dexafree.materiallistviewexample.R$attr: int actionDropDownStyle
com.dexafree.materiallistviewexample.R$attr: int actionLayout
com.dexafree.materiallistviewexample.R$attr: int actionMenuTextAppearance
com.dexafree.materiallistviewexample.R$attr: int actionMenuTextColor
com.dexafree.materiallistviewexample.R$attr: int actionModeBackground
com.dexafree.materiallistviewexample.R$attr: int actionModeCloseButtonStyle
com.dexafree.materiallistviewexample.R$attr: int actionModeCloseDrawable
com.dexafree.materiallistviewexample.R$attr: int actionModeCopyDrawable
com.dexafree.materiallistviewexample.R$attr: int actionModeCutDrawable
com.dexafree.materiallistviewexample.R$bool: int abc_action_bar_embed_tabs
com.dexafree.materiallistviewexample.R$bool: int abc_action_bar_embed_tabs_pre_jb
com.dexafree.materiallistviewexample.R$bool: int abc_action_bar_expanded_action_views_exclusive
com.dexafree.materiallistviewexample.R$bool: int abc_config_actionMenuItemAllCaps
com.dexafree.materiallistviewexample.R$bool: int abc_config_allowActionMenuItemTextWithIcon
com.dexafree.materiallistviewexample.R$bool: int abc_config_closeDialogWhenTouchOutside
com.dexafree.materiallistviewexample.R$bool: int abc_config_showMenuShortcutsWhenKeyboardPresent
...
android.support.v4.app.FragmentTabHost$SavedState
android.support.v4.app.FragmentTabHost$SavedState: android.os.Parcelable$Creator CREATOR
android.support.v4.app.ListFragment
android.support.v4.app.NotificationCompatSideChannelService
android.support.v4.app.SuperNotCalledException
android.support.v4.content.FileProvider
android.support.v4.content.ModernAsyncTask$Status
android.support.v4.content.ModernAsyncTask$Status: android.support.v4.content.ModernAsyncTask$Status[] values()
android.support.v4.content.ModernAsyncTask$Status: android.support.v4.content.ModernAsyncTask$Status valueOf(java.lang.String)
android.support.v4.content.WakefulBroadcastReceiver
android.support.v4.media.MediaDescriptionCompat
android.support.v4.media.MediaDescriptionCompat: android.os.Parcelable$Creator CREATOR
android.support.v4.media.MediaMetadataCompat
android.support.v4.media.MediaMetadataCompat: android.os.Parcelable$Creator CREATOR
android.support.v4.media.RatingCompat
android.support.v4.media.RatingCompat: android.os.Parcelable$Creator CREATOR
android.support.v4.media.session.MediaSessionCompat$QueueItem
android.support.v4.media.session.MediaSessionCompat$QueueItem: android.os.Parcelable$Creator CREATOR
android.support.v4.media.session.MediaSessionCompat$ResultReceiverWrapper
android.support.v4.media.session.MediaSessionCompat$ResultReceiverWrapper: android.os.Parcelable$Creator CREATOR
android.support.v4.media.session.MediaSessionCompat$Token
android.support.v4.media.session.MediaSessionCompat$Token: android.os.Parcelable$Creator CREATOR
android.support.v4.media.session.ParcelableVolumeInfo
android.support.v4.media.session.ParcelableVolumeInfo: android.os.Parcelable$Creator CREATOR
android.support.v4.media.session.PlaybackStateCompat
android.support.v4.media.session.PlaybackStateCompat: android.os.Parcelable$Creator CREATOR
android.support.v4.media.session.PlaybackStateCompat$CustomAction
android.support.v4.media.session.PlaybackStateCompat$CustomAction: android.os.Parcelable$Creator CREATOR
android.support.v4.view.PagerTabStrip
android.support.v4.view.PagerTabStrip: PagerTabStrip(android.content.Context)
android.support.v4.view.PagerTabStrip: PagerTabStrip(android.content.Context,android.util.AttributeSet)
android.support.v4.view.PagerTabStrip: void setTabIndicatorColor(int)
android.support.v4.view.PagerTabStrip: void setTabIndicatorColorResource(int)
android.support.v4.view.PagerTabStrip: int getTabIndicatorColor()
android.support.v4.view.PagerTabStrip: void setPadding(int,int,int,int)
android.support.v4.view.PagerTabStrip: void setTextSpacing(int)
android.support.v4.view.PagerTabStrip: void setBackgroundDrawable(android.graphics.drawable.Drawable)
android.support.v4.view.PagerTabStrip: void setBackgroundColor(int)
android.support.v4.view.PagerTabStrip: void setBackgroundResource(int)
android.support.v4.view.PagerTabStrip: void setDrawFullUnderline(boolean)
android.support.v4.view.PagerTabStrip: boolean getDrawFullUnderline()
android.support.v4.view.PagerTabStrip: int getMinHeight()
android.support.v4.view.PagerTitleStrip
android.support.v4.view.PagerTitleStrip: void setSingleLineAllCaps(android.widget.TextView)
android.support.v4.view.PagerTitleStrip: PagerTitleStrip(android.content.Context)
android.support.v4.view.PagerTitleStrip: PagerTitleStrip(android.content.Context,android.util.AttributeSet)
android.support.v4.view.PagerTitleStrip: void setTextSpacing(int)
android.support.v4.view.PagerTitleStrip: int getTextSpacing()
android.support.v4.view.PagerTitleStrip: void setNonPrimaryAlpha(float)
android.support.v4.view.PagerTitleStrip: void setTextColor(int)
android.support.v4.view.PagerTitleStrip: void setTextSize(int,float)
android.support.v4.view.PagerTitleStrip: void setGravity(int)
android.support.v4.view.PagerTitleStrip: int getMinHeight()