app/mapping.txt
com.dexafree.materiallistviewexample.AddActivity -> com.dexafree.materiallistviewexample.AddActivity:
    java.util.Calendar calendar -> n
    com.rengwuxian.materialedittext.MaterialEditText DateEdit -> o
    com.rengwuxian.materialedittext.MaterialEditText ContentEdit -> p
    com.gc.materialdesign.views.ButtonFlat SureButton -> q
    com.gc.materialdesign.views.ButtonFlat CencelButton -> r
    com.gc.materialdesign.views.Switch mswitch -> t
    com.fourmob.datetimepicker.date.DatePickerDialog datePickerDialog -> s
    void onCreate(android.os.Bundle) -> onCreate
    void InitViews() -> g
    void SetListeners() -> h
    int Is_Forever() -> i
    void onDateSet(com.fourmob.datetimepicker.date.DatePickerDialog,int,int,int) -> a
    boolean onCreateOptionsMenu(android.view.Menu) -> onCreateOptionsMenu
    boolean onOptionsItemSelected(android.view.MenuItem) -> onOptionsItemSelected
    int access$000(com.dexafree.materiallistviewexample.AddActivity) -> a
com.dexafree.materiallistviewexample.AddActivity$1 -> com.dexafree.materiallistviewexample.a:
    com.dexafree.materiallistviewexample.AddActivity this$0 -> a
    void onClick(android.view.View) -> onClick
com.dexafree.materiallistviewexample.AddActivity$2 -> com.dexafree.materiallistviewexample.b:
    com.dexafree.materiallistviewexample.AddActivity this$0 -> a
    void onClick(android.view.View) -> onClick
com.dexafree.materiallistviewexample.AddActivity$2$1 -> com.dexafree.materiallistviewexample.c:
    com.gc.materialdesign.widgets.Dialog val$dialog -> a
    com.dexafree.materiallistviewexample.AddActivity$2 this$1 -> b
    void onClick(android.view.View) -> onClick
com.dexafree.materiallistviewexample.AddActivity$2$2 -> com.dexafree.materiallistviewexample.d:
    com.gc.materialdesign.widgets.Dialog val$dialog -> a
    com.dexafree.materiallistviewexample.AddActivity$2 this$1 -> b
    void onClick(android.view.View) -> onClick
com.dexafree.materiallistviewexample.AddActivity$2$3 -> com.dexafree.materiallistviewexample.e:
    com.gc.materialdesign.widgets.Dialog val$dialog -> a
    com.dexafree.materiallistviewexample.AddActivity$2 this$1 -> b
    void onClick(android.view.View) -> onClick
com.dexafree.materiallistviewexample.AddActivity$3 -> com.dexafree.materiallistviewexample.f:
    com.dexafree.materiallistviewexample.AddActivity this$0 -> a
    void onClick(android.view.View) -> onClick
com.dexafree.materiallistviewexample.MainActivity -> com.dexafree.materiallistviewexample.MainActivity:
    java.util.ArrayList list -> a
    com.dexafree.materialList.view.MaterialListView mListView -> e
    DB.DBHelper dbHelper -> f
    android.database.sqlite.SQLiteDatabase DB -> g
    Presenter.Presenter presenter -> h
    com.getbase.floatingactionbutton.FloatingActionButton AddButton -> b
    com.getbase.floatingactionbutton.FloatingActionButton ShareButton -> c
    com.dexafree.materialList.cards.BasicButtonsCard ModifiedCard -> i
    boolean DBCanRemove -> j
    android.os.Handler handler -> d
    void onCreate(android.os.Bundle) -> onCreate
    void SetListeners() -> d
    void InitView() -> e
    void fillArray() -> f
    boolean onCreateOptionsMenu(android.view.Menu) -> onCreateOptionsMenu
    boolean onOptionsItemSelected(android.view.MenuItem) -> onOptionsItemSelected
    void Add() -> a
    void Modify(Bean.SinceBean) -> a
    void Share() -> b
    void Display(java.util.ArrayList) -> a
    void GenerateCards(Bean.SinceBean) -> b
    void onActivityResult(int,int,android.content.Intent) -> onActivityResult
    void SetDisMissibleAndDivide(com.dexafree.materialList.cards.BasicButtonsCard,Bean.SinceBean) -> a
    boolean PastIsDismissible(Bean.SinceBean) -> c
    void onClick(android.view.View) -> onClick
    boolean access$002(boolean) -> a
    com.dexafree.materialList.view.MaterialListView access$100(com.dexafree.materiallistviewexample.MainActivity) -> a
...
android.support.v4.app.BackStackRecord$1 -> android.support.v4.app.f:
    android.support.v4.app.Fragment val$inFragment -> a
    android.support.v4.app.BackStackRecord this$0 -> b
    android.view.View getView() -> a
android.support.v4.app.BackStackRecord$2 -> android.support.v4.app.g:
    android.view.View val$sceneRoot -> a
    java.lang.Object val$sharedElementTransition -> b
    java.util.ArrayList val$sharedElementTargets -> c
    android.support.v4.app.BackStackRecord$TransitionState val$state -> d
    boolean val$isBack -> e
    android.support.v4.app.Fragment val$inFragment -> f
    android.support.v4.app.Fragment val$outFragment -> g
    android.support.v4.app.BackStackRecord this$0 -> h
    boolean onPreDraw() -> onPreDraw
android.support.v4.app.BackStackRecord$3 -> android.support.v4.app.h:
    android.view.View val$sceneRoot -> a
    android.support.v4.app.BackStackRecord$TransitionState val$state -> b
    int val$containerId -> c
    java.lang.Object val$transition -> d
    android.support.v4.app.BackStackRecord this$0 -> e
    boolean onPreDraw() -> onPreDraw
android.support.v4.app.BackStackRecord$Op -> android.support.v4.app.i:
    android.support.v4.app.BackStackRecord$Op next -> a
    android.support.v4.app.BackStackRecord$Op prev -> b
    int cmd -> c
    android.support.v4.app.Fragment fragment -> d
    int enterAnim -> e
    int exitAnim -> f
    int popEnterAnim -> g
    int popExitAnim -> h
    java.util.ArrayList removed -> i
android.support.v4.app.BackStackRecord$TransitionState -> android.support.v4.app.j:
    android.support.v4.util.ArrayMap nameOverrides -> a
    java.util.ArrayList hiddenFragmentViews -> b
    android.support.v4.app.FragmentTransitionCompat21$EpicenterView enteringEpicenterView -> c
    android.view.View nonExistentView -> d
    android.support.v4.app.BackStackRecord this$0 -> e
android.support.v4.app.BackStackState -> android.support.v4.app.BackStackState:
    int[] mOps -> a
    int mTransition -> b
    int mTransitionStyle -> c
    java.lang.String mName -> d
    int mIndex -> e
    int mBreadCrumbTitleRes -> f
    java.lang.CharSequence mBreadCrumbTitleText -> g
    int mBreadCrumbShortTitleRes -> h
    java.lang.CharSequence mBreadCrumbShortTitleText -> i
    java.util.ArrayList mSharedElementSourceNames -> j
    java.util.ArrayList mSharedElementTargetNames -> k
    android.os.Parcelable$Creator CREATOR -> CREATOR
    android.support.v4.app.BackStackRecord instantiate(android.support.v4.app.FragmentManagerImpl) -> a
    int describeContents() -> describeContents
    void writeToParcel(android.os.Parcel,int) -> writeToParcel
android.support.v4.app.BackStackState$1 -> android.support.v4.app.k:
    android.support.v4.app.BackStackState createFromParcel(android.os.Parcel) -> a
    android.support.v4.app.BackStackState[] newArray(int) -> a
    java.lang.Object[] newArray(int) -> newArray
    java.lang.Object createFromParcel(android.os.Parcel) -> createFromParcel