app/unused.txt
com.dexafree.materiallistviewexample.AddActivity:
    public static final java.lang.String DATEPICKER_TAG
com.dexafree.materiallistviewexample.BuildConfig
com.dexafree.materiallistviewexample.MainActivity:
    static final int AddRequestCode
    static final int ModifyRequestCode
com.dexafree.materiallistviewexample.ModifyActivity:
    public static final java.lang.String DATEPICKER_TAG
com.dexafree.materiallistviewexample.R
com.dexafree.materiallistviewexample.R$anim
com.dexafree.materiallistviewexample.R$attr
com.dexafree.materiallistviewexample.R$bool
com.dexafree.materiallistviewexample.R$color
com.dexafree.materiallistviewexample.R$dimen
com.dexafree.materiallistviewexample.R$drawable
com.dexafree.materiallistviewexample.R$id
com.dexafree.materiallistviewexample.R$integer
com.dexafree.materiallistviewexample.R$layout
com.dexafree.materiallistviewexample.R$menu
com.dexafree.materiallistviewexample.R$string
com.dexafree.materiallistviewexample.R$style
com.dexafree.materiallistviewexample.R$styleable
...
com.nhaarman.listviewanimations.itemmanipulation.dragdrop.GripView:
    public static final int DEFAULT_DOT_COLOR
    public static final float DEFAULT_DOT_SIZE_RADIUS_DP
    public static final int DEFAULT_COLUMN_COUNT
com.nhaarman.listviewanimations.itemmanipulation.dragdrop.HoverDrawable:
    51:52:HoverDrawable(android.view.View,android.view.MotionEvent)
com.nhaarman.listviewanimations.itemmanipulation.dragdrop.TouchViewDraggableManager
com.nhaarman.listviewanimations.itemmanipulation.expandablelistitem.ExpandableListItemAdapter
com.nhaarman.listviewanimations.itemmanipulation.expandablelistitem.ExpandableListItemAdapter$1
com.nhaarman.listviewanimations.itemmanipulation.expandablelistitem.ExpandableListItemAdapter$ExpandCollapseHelper
com.nhaarman.listviewanimations.itemmanipulation.expandablelistitem.ExpandableListItemAdapter$ExpandCollapseHelper$1
com.nhaarman.listviewanimations.itemmanipulation.expandablelistitem.ExpandableListItemAdapter$ExpandCollapseHelper$2
com.nhaarman.listviewanimations.itemmanipulation.expandablelistitem.ExpandableListItemAdapter$ExpandCollapseHelper$3
com.nhaarman.listviewanimations.itemmanipulation.expandablelistitem.ExpandableListItemAdapter$ExpandCollapseListener
com.nhaarman.listviewanimations.itemmanipulation.expandablelistitem.ExpandableListItemAdapter$RootView
com.nhaarman.listviewanimations.itemmanipulation.expandablelistitem.ExpandableListItemAdapter$TitleViewOnClickListener
com.nhaarman.listviewanimations.itemmanipulation.expandablelistitem.ExpandableListItemAdapter$ViewHolder
com.nhaarman.listviewanimations.itemmanipulation.swipedismiss.SwipeDismissAdapter
com.nhaarman.listviewanimations.itemmanipulation.swipedismiss.SwipeDismissTouchListener:
    93:94:public void dismiss(int)
    214:214:public long getDismissAnimationTime()
com.nhaarman.listviewanimations.itemmanipulation.swipedismiss.SwipeTouchListener:
    private static final java.lang.String TRANSLATION_X
    private static final java.lang.String ALPHA
    private static final int MIN_FLING_VELOCITY_FACTOR
    206:208:public void setParentIsHorizontalScrollContainer()
    225:228:public void notifyDataSetChanged()
    236:236:public boolean isSwiping()
    248:249:public void enableSwipe()
    255:256:public void disableSwipe()
com.nhaarman.listviewanimations.itemmanipulation.swipedismiss.undo.SimpleSwipeUndoAdapter
com.nhaarman.listviewanimations.itemmanipulation.swipedismiss.undo.SimpleSwipeUndoAdapter$UndoClickListener
com.nhaarman.listviewanimations.itemmanipulation.swipedismiss.undo.SwipeUndoAdapter:
    53:55:protected SwipeUndoAdapter(android.widget.BaseAdapter,com.nhaarman.listviewanimations.itemmanipulation.swipedismiss.undo.UndoCallback)
    73:77:public void setDismissableManager(com.nhaarman.listviewanimations.itemmanipulation.swipedismiss.DismissableManager)
    80:81:public void setSwipeUndoTouchListener(com.nhaarman.listviewanimations.itemmanipulation.swipedismiss.undo.SwipeUndoTouchListener)
    96:97:public void setUndoCallback(com.nhaarman.listviewanimations.itemmanipulation.swipedismiss.undo.UndoCallback)
    101:101:public com.nhaarman.listviewanimations.itemmanipulation.swipedismiss.undo.UndoCallback getUndoCallback()
    110:111:public void undo(android.view.View)
    119:120:public void dismiss(int)
com.nhaarman.listviewanimations.itemmanipulation.swipedismiss.undo.SwipeUndoTouchListener:
    private static final java.lang.String ALPHA
    private static final java.lang.String TRANSLATION_X
    195:213:public void undo(android.view.View)
com.nhaarman.listviewanimations.itemmanipulation.swipedismiss.undo.SwipeUndoTouchListener$UndoAnimatorListener
com.nhaarman.listviewanimations.itemmanipulation.swipedismiss.undo.SwipeUndoView
com.nhaarman.listviewanimations.itemmanipulation.swipedismiss.undo.TimedUndoAdapter
com.nhaarman.listviewanimations.itemmanipulation.swipedismiss.undo.TimedUndoAdapter$TimeoutRunnable
com.nhaarman.listviewanimations.itemmanipulation.swipedismiss.undo.UndoAdapter